<?xml version="1.0" encoding="UTF-8"?>
<!-- Generated by org.testng.reporters.JUnitReportReporter -->
<testsuite skipped="0" hostname="Sam-PC" name="com.crm.qa.testcases.HomePageTest" tests="3" failures="0" timestamp="13 Dec 2020 06:01:22 GMT" time="31.166" errors="0">
  <testcase name="verifyHomePageTitleTest" time="8.576" classname="com.crm.qa.testcases.HomePageTest"/>
  <testcase name="verifyUsernameTest" time="11.297" classname="com.crm.qa.testcases.HomePageTest"/>
  <testcase name="verifyContactslinksTest" time="11.293" classname="com.crm.qa.testcases.HomePageTest"/>
</testsuite> <!-- com.crm.qa.testcases.HomePageTest -->
