<?xml version="1.0" encoding="UTF-8"?>
<!-- Generated by org.testng.reporters.JUnitReportReporter -->
<testsuite skipped="0" hostname="Sam-PC" name="com.crm.qa.testcases.ContactsPageTest" tests="5" failures="0" timestamp="13 Dec 2020 06:01:22 GMT" time="67.409" errors="0">
  <testcase name="verifyContactPageLabel" time="10.518" classname="com.crm.qa.testcases.ContactsPageTest"/>
  <testcase name="verifycontactcheckbox" time="15.924" classname="com.crm.qa.testcases.ContactsPageTest"/>
  <testcase name="validateCreateNewContact" time="13.838" classname="com.crm.qa.testcases.ContactsPageTest"/>
  <testcase name="validateCreateNewContact" time="13.616" classname="com.crm.qa.testcases.ContactsPageTest"/>
  <testcase name="validateCreateNewContact" time="13.513" classname="com.crm.qa.testcases.ContactsPageTest"/>
</testsuite> <!-- com.crm.qa.testcases.ContactsPageTest -->
