<?xml version="1.0" encoding="UTF-8"?>
<!-- Generated by org.testng.reporters.JUnitReportReporter -->
<testsuite skipped="0" hostname="Sam-PC" name="com.crm.qa.testcases.ContactsPageTest" tests="5" failures="0" timestamp="16 Dec 2020 02:32:07 GMT" time="70.351" errors="0">
  <testcase name="verifyContactPageLabel" time="10.986" classname="com.crm.qa.testcases.ContactsPageTest"/>
  <testcase name="verifycontactcheckbox" time="15.247" classname="com.crm.qa.testcases.ContactsPageTest"/>
  <testcase name="validateCreateNewContact" time="15.054" classname="com.crm.qa.testcases.ContactsPageTest"/>
  <testcase name="validateCreateNewContact" time="13.130" classname="com.crm.qa.testcases.ContactsPageTest"/>
  <testcase name="validateCreateNewContact" time="15.934" classname="com.crm.qa.testcases.ContactsPageTest"/>
</testsuite> <!-- com.crm.qa.testcases.ContactsPageTest -->
