<?xml version="1.0" encoding="UTF-8"?>
<!-- Generated by org.testng.reporters.JUnitReportReporter -->
<testsuite skipped="0" hostname="Sam-PC" name="com.crm.qa.testcases.HomePageTest" tests="3" failures="0" timestamp="16 Dec 2020 02:32:07 GMT" time="31.876" errors="0">
  <testcase name="verifyHomePageTitleTest" time="9.420" classname="com.crm.qa.testcases.HomePageTest"/>
  <testcase name="verifyUsernameTest" time="11.768" classname="com.crm.qa.testcases.HomePageTest"/>
  <testcase name="verifyContactslinksTest" time="10.688" classname="com.crm.qa.testcases.HomePageTest"/>
</testsuite> <!-- com.crm.qa.testcases.HomePageTest -->
